<?xml version="1.0" encoding="UTF-8"?>
<testng-results skipped="10" failed="1" total="12" passed="1">
  <reporter-output>
    <line>
      <![CDATA[Login In successful]]>
    </line>
  </reporter-output>
  <suite name="Suite" duration-ms="227754" started-at="2016-01-12T15:25:29Z" finished-at="2016-01-12T15:29:16Z">
    <groups>
    </groups>
    <test name="Test_Read1000" duration-ms="745" started-at="2016-01-12T15:25:29Z" finished-at="2016-01-12T15:25:29Z">
      <class name="com.userprofile.scholastic.test.Read1000PageTest">
        <test-method status="SKIP" signature="checkRunmode()[pri:0, instance:com.userprofile.scholastic.test.Read1000PageTest@73f792cf]" name="checkRunmode" is-config="true" duration-ms="0" started-at="2016-01-12T15:25:29Z" finished-at="2016-01-12T15:25:29Z">
          <exception class="org.testng.SkipException">
            <message>
              <![CDATA[Skipping the test as Runmode is NO]]>
            </message>
            <full-stacktrace>
              <![CDATA[org.testng.SkipException: Skipping the test as Runmode is NO
	at com.userprofile.scholastic.test.Read1000PageTest.checkRunmode(Read1000PageTest.java:46)
	at sun.reflect.NativeMethodAccessorImpl.invoke0(Native Method)
	at sun.reflect.NativeMethodAccessorImpl.invoke(NativeMethodAccessorImpl.java:62)
	at sun.reflect.DelegatingMethodAccessorImpl.invoke(DelegatingMethodAccessorImpl.java:43)
	at java.lang.reflect.Method.invoke(Method.java:497)
	at org.testng.internal.MethodInvocationHelper.invokeMethod(MethodInvocationHelper.java:80)
	at org.testng.internal.Invoker.invokeConfigurationMethod(Invoker.java:551)
	at org.testng.internal.Invoker.invokeConfigurations(Invoker.java:213)
	at org.testng.internal.Invoker.invokeConfigurations(Invoker.java:138)
	at org.testng.TestRunner.beforeRun(TestRunner.java:641)
	at org.testng.TestRunner.run(TestRunner.java:609)
	at org.testng.SuiteRunner.runTest(SuiteRunner.java:334)
	at org.testng.SuiteRunner.runSequentially(SuiteRunner.java:329)
	at org.testng.SuiteRunner.privateRun(SuiteRunner.java:291)
	at org.testng.SuiteRunner.run(SuiteRunner.java:240)
	at org.testng.SuiteRunnerWorker.runSuite(SuiteRunnerWorker.java:53)
	at org.testng.SuiteRunnerWorker.run(SuiteRunnerWorker.java:87)
	at org.testng.TestNG.runSuitesSequentially(TestNG.java:1188)
	at org.testng.TestNG.runSuitesLocally(TestNG.java:1113)
	at org.testng.TestNG.run(TestNG.java:1025)
	at org.apache.maven.surefire.testng.TestNGExecutor.run(TestNGExecutor.java:178)
	at org.apache.maven.surefire.testng.TestNGXmlTestSuite.execute(TestNGXmlTestSuite.java:92)
	at org.apache.maven.surefire.testng.TestNGProvider.invoke(TestNGProvider.java:96)
	at sun.reflect.NativeMethodAccessorImpl.invoke0(Native Method)
	at sun.reflect.NativeMethodAccessorImpl.invoke(NativeMethodAccessorImpl.java:62)
	at sun.reflect.DelegatingMethodAccessorImpl.invoke(DelegatingMethodAccessorImpl.java:43)
	at java.lang.reflect.Method.invoke(Method.java:497)
	at org.apache.maven.surefire.util.ReflectionUtils.invokeMethodWithArray2(ReflectionUtils.java:208)
	at org.apache.maven.surefire.booter.ProviderFactory$ProviderProxy.invoke(ProviderFactory.java:159)
	at org.apache.maven.surefire.booter.ProviderFactory.invokeProvider(ProviderFactory.java:87)
	at org.apache.maven.surefire.booter.ForkedBooter.runSuitesInProcess(ForkedBooter.java:153)
	at org.apache.maven.surefire.booter.ForkedBooter.main(ForkedBooter.java:95)
]]>
            </full-stacktrace>
          </exception> <!-- org.testng.SkipException -->
        </test-method> <!-- checkRunmode -->
        <test-method status="SKIP" signature="parentRegistration(java.util.Hashtable)[pri:0, instance:com.userprofile.scholastic.test.Read1000PageTest@73f792cf]" name="parentRegistration" duration-ms="0" started-at="2016-01-12T15:25:29Z" data-provider="gTestData" finished-at="2016-01-12T15:25:29Z">
          <params>
            <param index="0">
              <value>
                <![CDATA[{doB=12/26/1980}]]>
              </value>
            </param>
          </params>
        </test-method> <!-- parentRegistration -->
        <test-method status="SKIP" signature="parentRegistration(java.util.Hashtable)[pri:0, instance:com.userprofile.scholastic.test.Read1000PageTest@73f792cf]" name="parentRegistration" duration-ms="0" started-at="2016-01-12T15:25:29Z" data-provider="gTestData" finished-at="2016-01-12T15:25:29Z">
          <params>
            <param index="0">
              <value>
                <![CDATA[{doB=12/26/1982}]]>
              </value>
            </param>
          </params>
        </test-method> <!-- parentRegistration -->
        <test-method status="SKIP" signature="parentRegistration(java.util.Hashtable)[pri:0, instance:com.userprofile.scholastic.test.Read1000PageTest@73f792cf]" name="parentRegistration" duration-ms="0" started-at="2016-01-12T15:25:29Z" data-provider="gTestData" finished-at="2016-01-12T15:25:29Z">
          <params>
            <param index="0">
              <value>
                <![CDATA[{doB=12/26/1981}]]>
              </value>
            </param>
          </params>
        </test-method> <!-- parentRegistration -->
      </class> <!-- com.userprofile.scholastic.test.Read1000PageTest -->
    </test> <!-- Test_Read1000 -->
    <test name="BookwizardLoginTest" duration-ms="226621" started-at="2016-01-12T15:25:29Z" finished-at="2016-01-12T15:29:16Z">
      <class name="com.userprofile.scholastic.test.BookwizardLoginTest">
        <test-method status="PASS" signature="checkRunmode()[pri:0, instance:com.userprofile.scholastic.test.BookwizardLoginTest@6fb554cc]" name="checkRunmode" is-config="true" duration-ms="20" started-at="2016-01-12T15:25:29Z" finished-at="2016-01-12T15:25:29Z">
        </test-method> <!-- checkRunmode -->
        <test-method status="PASS" signature="bookwizardLogin(java.util.Hashtable)[pri:0, instance:com.userprofile.scholastic.test.BookwizardLoginTest@6fb554cc]" name="bookwizardLogin" duration-ms="47231" started-at="2016-01-12T15:25:29Z" data-provider="gTestData" finished-at="2016-01-12T15:26:17Z">
          <params>
            <param index="0">
              <value>
                <![CDATA[{Password=pass, Email=satsingh@gmail.com}]]>
              </value>
            </param>
          </params>
        </test-method> <!-- bookwizardLogin -->
        <test-method status="FAIL" signature="bookwizardLogin(java.util.Hashtable)[pri:0, instance:com.userprofile.scholastic.test.BookwizardLoginTest@6fb554cc]" name="bookwizardLogin" duration-ms="179299" started-at="2016-01-12T15:26:17Z" data-provider="gTestData" finished-at="2016-01-12T15:29:16Z">
          <params>
            <param index="0">
              <value>
                <![CDATA[{Password=pass, Email=abcd@india.com}]]>
              </value>
            </param>
          </params>
          <exception class="java.lang.NullPointerException">
            <full-stacktrace>
              <![CDATA[java.lang.NullPointerException
	at org.openqa.selenium.remote.RemoteWebDriver.findElements(RemoteWebDriver.java:382)
	at org.openqa.selenium.remote.RemoteWebDriver.findElementsByCssSelector(RemoteWebDriver.java:441)
	at org.openqa.selenium.By$ByCssSelector.findElements(By.java:437)
	at org.openqa.selenium.remote.RemoteWebDriver.findElements(RemoteWebDriver.java:336)
	at org.openqa.selenium.remote.RemoteWebDriver$RemoteTargetLocator.frame(RemoteWebDriver.java:871)
	at com.userprofile.scholastic.test.BookwizardLoginTest.bookwizardLogin(BookwizardLoginTest.java:29)
	at sun.reflect.NativeMethodAccessorImpl.invoke0(Native Method)
	at sun.reflect.NativeMethodAccessorImpl.invoke(NativeMethodAccessorImpl.java:62)
	at sun.reflect.DelegatingMethodAccessorImpl.invoke(DelegatingMethodAccessorImpl.java:43)
	at java.lang.reflect.Method.invoke(Method.java:497)
	at org.testng.internal.MethodInvocationHelper.invokeMethod(MethodInvocationHelper.java:80)
	at org.testng.internal.Invoker.invokeMethod(Invoker.java:702)
	at org.testng.internal.Invoker.invokeTestMethod(Invoker.java:894)
	at org.testng.internal.Invoker.invokeTestMethods(Invoker.java:1219)
	at org.testng.internal.TestMethodWorker.invokeTestMethods(TestMethodWorker.java:127)
	at org.testng.internal.TestMethodWorker.run(TestMethodWorker.java:111)
	at org.testng.TestRunner.privateRun(TestRunner.java:768)
	at org.testng.TestRunner.run(TestRunner.java:617)
	at org.testng.SuiteRunner.runTest(SuiteRunner.java:334)
	at org.testng.SuiteRunner.runSequentially(SuiteRunner.java:329)
	at org.testng.SuiteRunner.privateRun(SuiteRunner.java:291)
	at org.testng.SuiteRunner.run(SuiteRunner.java:240)
	at org.testng.SuiteRunnerWorker.runSuite(SuiteRunnerWorker.java:53)
	at org.testng.SuiteRunnerWorker.run(SuiteRunnerWorker.java:87)
	at org.testng.TestNG.runSuitesSequentially(TestNG.java:1188)
	at org.testng.TestNG.runSuitesLocally(TestNG.java:1113)
	at org.testng.TestNG.run(TestNG.java:1025)
	at org.apache.maven.surefire.testng.TestNGExecutor.run(TestNGExecutor.java:178)
	at org.apache.maven.surefire.testng.TestNGXmlTestSuite.execute(TestNGXmlTestSuite.java:92)
	at org.apache.maven.surefire.testng.TestNGProvider.invoke(TestNGProvider.java:96)
	at sun.reflect.NativeMethodAccessorImpl.invoke0(Native Method)
	at sun.reflect.NativeMethodAccessorImpl.invoke(NativeMethodAccessorImpl.java:62)
	at sun.reflect.DelegatingMethodAccessorImpl.invoke(DelegatingMethodAccessorImpl.java:43)
	at java.lang.reflect.Method.invoke(Method.java:497)
	at org.apache.maven.surefire.util.ReflectionUtils.invokeMethodWithArray2(ReflectionUtils.java:208)
	at org.apache.maven.surefire.booter.ProviderFactory$ProviderProxy.invoke(ProviderFactory.java:159)
	at org.apache.maven.surefire.booter.ProviderFactory.invokeProvider(ProviderFactory.java:87)
	at org.apache.maven.surefire.booter.ForkedBooter.runSuitesInProcess(ForkedBooter.java:153)
	at org.apache.maven.surefire.booter.ForkedBooter.main(ForkedBooter.java:95)
]]>
            </full-stacktrace>
          </exception> <!-- java.lang.NullPointerException -->
        </test-method> <!-- bookwizardLogin -->
      </class> <!-- com.userprofile.scholastic.test.BookwizardLoginTest -->
    </test> <!-- BookwizardLoginTest -->
    <test name="CommunityLoginTest" duration-ms="68" started-at="2016-01-12T15:29:16Z" finished-at="2016-01-12T15:29:16Z">
      <class name="com.userprofile.scholastic.test.CommunityLoginTest">
        <test-method status="SKIP" signature="checkRunmode()[pri:0, instance:com.userprofile.scholastic.test.CommunityLoginTest@327471b5]" name="checkRunmode" is-config="true" duration-ms="0" started-at="2016-01-12T15:29:16Z" finished-at="2016-01-12T15:29:16Z">
          <exception class="org.testng.SkipException">
            <message>
              <![CDATA[Skipping the test as Runmode is NO]]>
            </message>
            <full-stacktrace>
              <![CDATA[org.testng.SkipException: Skipping the test as Runmode is NO
	at com.userprofile.scholastic.test.CommunityLoginTest.checkRunmode(CommunityLoginTest.java:55)
	at sun.reflect.NativeMethodAccessorImpl.invoke0(Native Method)
	at sun.reflect.NativeMethodAccessorImpl.invoke(NativeMethodAccessorImpl.java:62)
	at sun.reflect.DelegatingMethodAccessorImpl.invoke(DelegatingMethodAccessorImpl.java:43)
	at java.lang.reflect.Method.invoke(Method.java:497)
	at org.testng.internal.MethodInvocationHelper.invokeMethod(MethodInvocationHelper.java:80)
	at org.testng.internal.Invoker.invokeConfigurationMethod(Invoker.java:551)
	at org.testng.internal.Invoker.invokeConfigurations(Invoker.java:213)
	at org.testng.internal.Invoker.invokeConfigurations(Invoker.java:138)
	at org.testng.TestRunner.beforeRun(TestRunner.java:641)
	at org.testng.TestRunner.run(TestRunner.java:609)
	at org.testng.SuiteRunner.runTest(SuiteRunner.java:334)
	at org.testng.SuiteRunner.runSequentially(SuiteRunner.java:329)
	at org.testng.SuiteRunner.privateRun(SuiteRunner.java:291)
	at org.testng.SuiteRunner.run(SuiteRunner.java:240)
	at org.testng.SuiteRunnerWorker.runSuite(SuiteRunnerWorker.java:53)
	at org.testng.SuiteRunnerWorker.run(SuiteRunnerWorker.java:87)
	at org.testng.TestNG.runSuitesSequentially(TestNG.java:1188)
	at org.testng.TestNG.runSuitesLocally(TestNG.java:1113)
	at org.testng.TestNG.run(TestNG.java:1025)
	at org.apache.maven.surefire.testng.TestNGExecutor.run(TestNGExecutor.java:178)
	at org.apache.maven.surefire.testng.TestNGXmlTestSuite.execute(TestNGXmlTestSuite.java:92)
	at org.apache.maven.surefire.testng.TestNGProvider.invoke(TestNGProvider.java:96)
	at sun.reflect.NativeMethodAccessorImpl.invoke0(Native Method)
	at sun.reflect.NativeMethodAccessorImpl.invoke(NativeMethodAccessorImpl.java:62)
	at sun.reflect.DelegatingMethodAccessorImpl.invoke(DelegatingMethodAccessorImpl.java:43)
	at java.lang.reflect.Method.invoke(Method.java:497)
	at org.apache.maven.surefire.util.ReflectionUtils.invokeMethodWithArray2(ReflectionUtils.java:208)
	at org.apache.maven.surefire.booter.ProviderFactory$ProviderProxy.invoke(ProviderFactory.java:159)
	at org.apache.maven.surefire.booter.ProviderFactory.invokeProvider(ProviderFactory.java:87)
	at org.apache.maven.surefire.booter.ForkedBooter.runSuitesInProcess(ForkedBooter.java:153)
	at org.apache.maven.surefire.booter.ForkedBooter.main(ForkedBooter.java:95)
]]>
            </full-stacktrace>
          </exception> <!-- org.testng.SkipException -->
        </test-method> <!-- checkRunmode -->
        <test-method status="SKIP" signature="checkValidUser(java.util.Hashtable)[pri:0, instance:com.userprofile.scholastic.test.CommunityLoginTest@327471b5]" name="checkValidUser" duration-ms="0" started-at="2016-01-12T15:29:16Z" data-provider="gTestData" finished-at="2016-01-12T15:29:16Z">
          <params>
            <param index="0">
              <value>
                <![CDATA[{password=pass, uName=bikingchasing710}]]>
              </value>
            </param>
          </params>
        </test-method> <!-- checkValidUser -->
        <test-method status="SKIP" signature="checkValidUser(java.util.Hashtable)[pri:0, instance:com.userprofile.scholastic.test.CommunityLoginTest@327471b5]" name="checkValidUser" duration-ms="0" started-at="2016-01-12T15:29:16Z" data-provider="gTestData" finished-at="2016-01-12T15:29:16Z">
          <params>
            <param index="0">
              <value>
                <![CDATA[{password=pass, uName=test}]]>
              </value>
            </param>
          </params>
        </test-method> <!-- checkValidUser -->
      </class> <!-- com.userprofile.scholastic.test.CommunityLoginTest -->
    </test> <!-- CommunityLoginTest -->
    <test name="InfinityRingLoginTest" duration-ms="86" started-at="2016-01-12T15:29:16Z" finished-at="2016-01-12T15:29:16Z">
      <class name="com.userprofile.scholastic.test.InfinityRingLoginTest">
        <test-method status="SKIP" signature="checkRunmode()[pri:0, instance:com.userprofile.scholastic.test.InfinityRingLoginTest@6615435c]" name="checkRunmode" is-config="true" duration-ms="0" started-at="2016-01-12T15:29:16Z" finished-at="2016-01-12T15:29:16Z">
          <exception class="org.testng.SkipException">
            <message>
              <![CDATA[Skipping the test as Runmode is NO]]>
            </message>
            <full-stacktrace>
              <![CDATA[org.testng.SkipException: Skipping the test as Runmode is NO
	at com.userprofile.scholastic.test.InfinityRingLoginTest.checkRunmode(InfinityRingLoginTest.java:50)
	at sun.reflect.NativeMethodAccessorImpl.invoke0(Native Method)
	at sun.reflect.NativeMethodAccessorImpl.invoke(NativeMethodAccessorImpl.java:62)
	at sun.reflect.DelegatingMethodAccessorImpl.invoke(DelegatingMethodAccessorImpl.java:43)
	at java.lang.reflect.Method.invoke(Method.java:497)
	at org.testng.internal.MethodInvocationHelper.invokeMethod(MethodInvocationHelper.java:80)
	at org.testng.internal.Invoker.invokeConfigurationMethod(Invoker.java:551)
	at org.testng.internal.Invoker.invokeConfigurations(Invoker.java:213)
	at org.testng.internal.Invoker.invokeConfigurations(Invoker.java:138)
	at org.testng.TestRunner.beforeRun(TestRunner.java:641)
	at org.testng.TestRunner.run(TestRunner.java:609)
	at org.testng.SuiteRunner.runTest(SuiteRunner.java:334)
	at org.testng.SuiteRunner.runSequentially(SuiteRunner.java:329)
	at org.testng.SuiteRunner.privateRun(SuiteRunner.java:291)
	at org.testng.SuiteRunner.run(SuiteRunner.java:240)
	at org.testng.SuiteRunnerWorker.runSuite(SuiteRunnerWorker.java:53)
	at org.testng.SuiteRunnerWorker.run(SuiteRunnerWorker.java:87)
	at org.testng.TestNG.runSuitesSequentially(TestNG.java:1188)
	at org.testng.TestNG.runSuitesLocally(TestNG.java:1113)
	at org.testng.TestNG.run(TestNG.java:1025)
	at org.apache.maven.surefire.testng.TestNGExecutor.run(TestNGExecutor.java:178)
	at org.apache.maven.surefire.testng.TestNGXmlTestSuite.execute(TestNGXmlTestSuite.java:92)
	at org.apache.maven.surefire.testng.TestNGProvider.invoke(TestNGProvider.java:96)
	at sun.reflect.NativeMethodAccessorImpl.invoke0(Native Method)
	at sun.reflect.NativeMethodAccessorImpl.invoke(NativeMethodAccessorImpl.java:62)
	at sun.reflect.DelegatingMethodAccessorImpl.invoke(DelegatingMethodAccessorImpl.java:43)
	at java.lang.reflect.Method.invoke(Method.java:497)
	at org.apache.maven.surefire.util.ReflectionUtils.invokeMethodWithArray2(ReflectionUtils.java:208)
	at org.apache.maven.surefire.booter.ProviderFactory$ProviderProxy.invoke(ProviderFactory.java:159)
	at org.apache.maven.surefire.booter.ProviderFactory.invokeProvider(ProviderFactory.java:87)
	at org.apache.maven.surefire.booter.ForkedBooter.runSuitesInProcess(ForkedBooter.java:153)
	at org.apache.maven.surefire.booter.ForkedBooter.main(ForkedBooter.java:95)
]]>
            </full-stacktrace>
          </exception> <!-- org.testng.SkipException -->
        </test-method> <!-- checkRunmode -->
        <test-method status="SKIP" signature="logintoApp(java.util.Hashtable)[pri:0, instance:com.userprofile.scholastic.test.InfinityRingLoginTest@6615435c]" name="logintoApp" duration-ms="0" started-at="2016-01-12T15:29:16Z" data-provider="gTestData" finished-at="2016-01-12T15:29:16Z">
          <params>
            <param index="0">
              <value>
                <![CDATA[{password=pass, userName=bikingarriving1599}]]>
              </value>
            </param>
          </params>
        </test-method> <!-- logintoApp -->
        <test-method status="SKIP" signature="logintoApp(java.util.Hashtable)[pri:0, instance:com.userprofile.scholastic.test.InfinityRingLoginTest@6615435c]" name="logintoApp" duration-ms="0" started-at="2016-01-12T15:29:16Z" data-provider="gTestData" finished-at="2016-01-12T15:29:16Z">
          <params>
            <param index="0">
              <value>
                <![CDATA[{password=pass, userName=bikingchasing710}]]>
              </value>
            </param>
          </params>
        </test-method> <!-- logintoApp -->
      </class> <!-- com.userprofile.scholastic.test.InfinityRingLoginTest -->
    </test> <!-- InfinityRingLoginTest -->
    <test name="InfinityRingRegistrationtest" duration-ms="129" started-at="2016-01-12T15:29:16Z" finished-at="2016-01-12T15:29:16Z">
      <class name="com.userprofile.scholastic.test.InfinityRingRegistrationtest">
        <test-method status="SKIP" signature="checkRunmode()[pri:0, instance:com.userprofile.scholastic.test.InfinityRingRegistrationtest@34b7bfc0]" name="checkRunmode" is-config="true" duration-ms="0" started-at="2016-01-12T15:29:16Z" finished-at="2016-01-12T15:29:16Z">
          <exception class="org.testng.SkipException">
            <message>
              <![CDATA[Skipping the test as Runmode is NO]]>
            </message>
            <full-stacktrace>
              <![CDATA[org.testng.SkipException: Skipping the test as Runmode is NO
	at com.userprofile.scholastic.test.InfinityRingRegistrationtest.checkRunmode(InfinityRingRegistrationtest.java:81)
	at sun.reflect.NativeMethodAccessorImpl.invoke0(Native Method)
	at sun.reflect.NativeMethodAccessorImpl.invoke(NativeMethodAccessorImpl.java:62)
	at sun.reflect.DelegatingMethodAccessorImpl.invoke(DelegatingMethodAccessorImpl.java:43)
	at java.lang.reflect.Method.invoke(Method.java:497)
	at org.testng.internal.MethodInvocationHelper.invokeMethod(MethodInvocationHelper.java:80)
	at org.testng.internal.Invoker.invokeConfigurationMethod(Invoker.java:551)
	at org.testng.internal.Invoker.invokeConfigurations(Invoker.java:213)
	at org.testng.internal.Invoker.invokeConfigurations(Invoker.java:138)
	at org.testng.TestRunner.beforeRun(TestRunner.java:641)
	at org.testng.TestRunner.run(TestRunner.java:609)
	at org.testng.SuiteRunner.runTest(SuiteRunner.java:334)
	at org.testng.SuiteRunner.runSequentially(SuiteRunner.java:329)
	at org.testng.SuiteRunner.privateRun(SuiteRunner.java:291)
	at org.testng.SuiteRunner.run(SuiteRunner.java:240)
	at org.testng.SuiteRunnerWorker.runSuite(SuiteRunnerWorker.java:53)
	at org.testng.SuiteRunnerWorker.run(SuiteRunnerWorker.java:87)
	at org.testng.TestNG.runSuitesSequentially(TestNG.java:1188)
	at org.testng.TestNG.runSuitesLocally(TestNG.java:1113)
	at org.testng.TestNG.run(TestNG.java:1025)
	at org.apache.maven.surefire.testng.TestNGExecutor.run(TestNGExecutor.java:178)
	at org.apache.maven.surefire.testng.TestNGXmlTestSuite.execute(TestNGXmlTestSuite.java:92)
	at org.apache.maven.surefire.testng.TestNGProvider.invoke(TestNGProvider.java:96)
	at sun.reflect.NativeMethodAccessorImpl.invoke0(Native Method)
	at sun.reflect.NativeMethodAccessorImpl.invoke(NativeMethodAccessorImpl.java:62)
	at sun.reflect.DelegatingMethodAccessorImpl.invoke(DelegatingMethodAccessorImpl.java:43)
	at java.lang.reflect.Method.invoke(Method.java:497)
	at org.apache.maven.surefire.util.ReflectionUtils.invokeMethodWithArray2(ReflectionUtils.java:208)
	at org.apache.maven.surefire.booter.ProviderFactory$ProviderProxy.invoke(ProviderFactory.java:159)
	at org.apache.maven.surefire.booter.ProviderFactory.invokeProvider(ProviderFactory.java:87)
	at org.apache.maven.surefire.booter.ForkedBooter.runSuitesInProcess(ForkedBooter.java:153)
	at org.apache.maven.surefire.booter.ForkedBooter.main(ForkedBooter.java:95)
]]>
            </full-stacktrace>
          </exception> <!-- org.testng.SkipException -->
        </test-method> <!-- checkRunmode -->
        <test-method status="SKIP" signature="clickSignin(java.util.Hashtable)[pri:0, instance:com.userprofile.scholastic.test.InfinityRingRegistrationtest@34b7bfc0]" name="clickSignin" duration-ms="0" started-at="2016-01-12T15:29:16Z" data-provider="gTestData" finished-at="2016-01-12T15:29:16Z">
          <params>
            <param index="0">
              <value>
                <![CDATA[{email=abcsss@india.com, pass=password}]]>
              </value>
            </param>
          </params>
        </test-method> <!-- clickSignin -->
        <test-method status="SKIP" signature="clickSignin(java.util.Hashtable)[pri:0, instance:com.userprofile.scholastic.test.InfinityRingRegistrationtest@34b7bfc0]" name="clickSignin" duration-ms="0" started-at="2016-01-12T15:29:16Z" data-provider="gTestData" finished-at="2016-01-12T15:29:16Z">
          <params>
            <param index="0">
              <value>
                <![CDATA[{email=abc@india.com, pass=password}]]>
              </value>
            </param>
          </params>
        </test-method> <!-- clickSignin -->
      </class> <!-- com.userprofile.scholastic.test.InfinityRingRegistrationtest -->
    </test> <!-- InfinityRingRegistrationtest -->
    <test name="BookwizardRegistrationTest" duration-ms="56" started-at="2016-01-12T15:29:16Z" finished-at="2016-01-12T15:29:16Z">
      <class name="com.userprofile.scholastic.test.BookwizardRegistrationTest">
        <test-method status="SKIP" signature="checkRunmode()[pri:0, instance:com.userprofile.scholastic.test.BookwizardRegistrationTest@36f6e879]" name="checkRunmode" is-config="true" duration-ms="0" started-at="2016-01-12T15:29:16Z" finished-at="2016-01-12T15:29:16Z">
          <exception class="org.testng.SkipException">
            <message>
              <![CDATA[Skipping the test as Runmode is NO]]>
            </message>
            <full-stacktrace>
              <![CDATA[org.testng.SkipException: Skipping the test as Runmode is NO
	at com.userprofile.scholastic.test.BookwizardRegistrationTest.checkRunmode(BookwizardRegistrationTest.java:60)
	at sun.reflect.NativeMethodAccessorImpl.invoke0(Native Method)
	at sun.reflect.NativeMethodAccessorImpl.invoke(NativeMethodAccessorImpl.java:62)
	at sun.reflect.DelegatingMethodAccessorImpl.invoke(DelegatingMethodAccessorImpl.java:43)
	at java.lang.reflect.Method.invoke(Method.java:497)
	at org.testng.internal.MethodInvocationHelper.invokeMethod(MethodInvocationHelper.java:80)
	at org.testng.internal.Invoker.invokeConfigurationMethod(Invoker.java:551)
	at org.testng.internal.Invoker.invokeConfigurations(Invoker.java:213)
	at org.testng.internal.Invoker.invokeConfigurations(Invoker.java:138)
	at org.testng.TestRunner.beforeRun(TestRunner.java:641)
	at org.testng.TestRunner.run(TestRunner.java:609)
	at org.testng.SuiteRunner.runTest(SuiteRunner.java:334)
	at org.testng.SuiteRunner.runSequentially(SuiteRunner.java:329)
	at org.testng.SuiteRunner.privateRun(SuiteRunner.java:291)
	at org.testng.SuiteRunner.run(SuiteRunner.java:240)
	at org.testng.SuiteRunnerWorker.runSuite(SuiteRunnerWorker.java:53)
	at org.testng.SuiteRunnerWorker.run(SuiteRunnerWorker.java:87)
	at org.testng.TestNG.runSuitesSequentially(TestNG.java:1188)
	at org.testng.TestNG.runSuitesLocally(TestNG.java:1113)
	at org.testng.TestNG.run(TestNG.java:1025)
	at org.apache.maven.surefire.testng.TestNGExecutor.run(TestNGExecutor.java:178)
	at org.apache.maven.surefire.testng.TestNGXmlTestSuite.execute(TestNGXmlTestSuite.java:92)
	at org.apache.maven.surefire.testng.TestNGProvider.invoke(TestNGProvider.java:96)
	at sun.reflect.NativeMethodAccessorImpl.invoke0(Native Method)
	at sun.reflect.NativeMethodAccessorImpl.invoke(NativeMethodAccessorImpl.java:62)
	at sun.reflect.DelegatingMethodAccessorImpl.invoke(DelegatingMethodAccessorImpl.java:43)
	at java.lang.reflect.Method.invoke(Method.java:497)
	at org.apache.maven.surefire.util.ReflectionUtils.invokeMethodWithArray2(ReflectionUtils.java:208)
	at org.apache.maven.surefire.booter.ProviderFactory$ProviderProxy.invoke(ProviderFactory.java:159)
	at org.apache.maven.surefire.booter.ProviderFactory.invokeProvider(ProviderFactory.java:87)
	at org.apache.maven.surefire.booter.ForkedBooter.runSuitesInProcess(ForkedBooter.java:153)
	at org.apache.maven.surefire.booter.ForkedBooter.main(ForkedBooter.java:95)
]]>
            </full-stacktrace>
          </exception> <!-- org.testng.SkipException -->
        </test-method> <!-- checkRunmode -->
        <test-method status="SKIP" signature="teacherRegistration(java.util.Hashtable)[pri:0, instance:com.userprofile.scholastic.test.BookwizardRegistrationTest@36f6e879]" name="teacherRegistration" duration-ms="0" started-at="2016-01-12T15:29:16Z" data-provider="gTestData" finished-at="2016-01-12T15:29:16Z">
          <params>
            <param index="0">
              <value>
                <![CDATA[{email=hforst@india.com, firstName=Harry, pass=pass, lasName=Frost}]]>
              </value>
            </param>
          </params>
        </test-method> <!-- teacherRegistration -->
      </class> <!-- com.userprofile.scholastic.test.BookwizardRegistrationTest -->
    </test> <!-- BookwizardRegistrationTest -->
  </suite> <!-- Suite -->
</testng-results>
